d:\workspace\meshsimplification\debug\vc120.pdb
d:\workspace\meshsimplification\debug\vc120.idb
d:\workspace\meshsimplification\debug\imesh.obj
d:\workspace\meshsimplification\debug\vector3.obj
d:\workspace\meshsimplification\debug\main.obj
d:\workspace\meshsimplification\debug\meshsimplification.ilk
d:\workspace\meshsimplification\debug\meshsimplification.exe
d:\workspace\meshsimplification\debug\meshsimplification.pdb
d:\workspace\meshsimplification\debug\meshsimp.f50b6732.tlog\cl.command.1.tlog
d:\workspace\meshsimplification\debug\meshsimp.f50b6732.tlog\cl.read.1.tlog
d:\workspace\meshsimplification\debug\meshsimp.f50b6732.tlog\cl.write.1.tlog
d:\workspace\meshsimplification\debug\meshsimp.f50b6732.tlog\link-cvtres.read.1.tlog
d:\workspace\meshsimplification\debug\meshsimp.f50b6732.tlog\link-cvtres.write.1.tlog
d:\workspace\meshsimplification\debug\meshsimp.f50b6732.tlog\link-rc.read.1.tlog
d:\workspace\meshsimplification\debug\meshsimp.f50b6732.tlog\link-rc.write.1.tlog
d:\workspace\meshsimplification\debug\meshsimp.f50b6732.tlog\link.7072-cvtres.read.1.tlog
d:\workspace\meshsimplification\debug\meshsimp.f50b6732.tlog\link.7072-cvtres.write.1.tlog
d:\workspace\meshsimplification\debug\meshsimp.f50b6732.tlog\link.7072-rc.read.1.tlog
d:\workspace\meshsimplification\debug\meshsimp.f50b6732.tlog\link.7072-rc.write.1.tlog
d:\workspace\meshsimplification\debug\meshsimp.f50b6732.tlog\link.7072.read.1.tlog
d:\workspace\meshsimplification\debug\meshsimp.f50b6732.tlog\link.7072.write.1.tlog
d:\workspace\meshsimplification\debug\meshsimp.f50b6732.tlog\link.command.1.tlog
d:\workspace\meshsimplification\debug\meshsimp.f50b6732.tlog\link.read.1.tlog
d:\workspace\meshsimplification\debug\meshsimp.f50b6732.tlog\link.write.1.tlog
